C51 COMPILER V9.60.7.0   ESP8266                                                           05/05/2023 16:30:09 PAGE 1   


C51 COMPILER V9.60.7.0, COMPILATION OF MODULE ESP8266
OBJECT MODULE PLACED IN .\Objects\esp8266.obj
COMPILER INVOKED BY: D:\Keil_v5\C51\BIN\C51.EXE Tool\esp8266.c OPTIMIZE(8,SPEED) BROWSE INCDIR(.\Public;.\Tool) DEBUG OB
                    -JECTEXTEND PRINT(.\Listings\esp8266.lst) TABS(2) OBJECT(.\Objects\esp8266.obj)

line level    source

   1          #include "esp8266.h"
   2          uchar dat_8266[]="#00#00#00#";    //用于储存上传云平台的数据
   3          /****************************************************************************
   4          *函数名：ESP8266dat
   5          *输  入：无
   6          *输  出：无
   7          *功  能：8266数据处理函数
   8          ****************************************************************************/
   9          void ESP8266dat(void)
  10          {
  11   1          //ESP8266数据处理
  12   1          dat_8266[0]=wen_dat[4];   //湿度数据
  13   1          dat_8266[1]=wen_dat[5];
  14   1          dat_8266[2]='#';
  15   1          dat_8266[3]=wen_dat[13];  //温度数据
  16   1          dat_8266[4]=wen_dat[14];
  17   1          dat_8266[5]='#';
  18   1          dat_8266[6]=yanwu_dat[4]; //MQ2数据
  19   1          dat_8266[7]=yanwu_dat[5]; 
  20   1      }


MODULE INFORMATION:   STATIC OVERLAYABLE
   CODE SIZE        =     25    ----
   CONSTANT SIZE    =   ----    ----
   XDATA SIZE       =   ----    ----
   PDATA SIZE       =   ----    ----
   DATA SIZE        =     11    ----
   IDATA SIZE       =   ----    ----
   BIT SIZE         =   ----    ----
END OF MODULE INFORMATION.


C51 COMPILATION COMPLETE.  0 WARNING(S),  0 ERROR(S)
