C51 COMPILER V9.60.7.0   PUBLIC                                                            05/05/2023 16:30:07 PAGE 1   


C51 COMPILER V9.60.7.0, COMPILATION OF MODULE PUBLIC
OBJECT MODULE PLACED IN .\Objects\public.obj
COMPILER INVOKED BY: D:\Keil_v5\C51\BIN\C51.EXE Public\public.c OPTIMIZE(8,SPEED) BROWSE INCDIR(.\Public;.\Tool) DEBUG O
                    -BJECTEXTEND PRINT(.\Listings\public.lst) TABS(2) OBJECT(.\Objects\public.obj)

line level    source

   1          #include "public.h"
   2          #include "intrins.h"
   3          
   4          void Delay1000ms()    //@11.0592MHz
   5          {
   6   1        uchar i, j, k;
   7   1      
   8   1        _nop_();
   9   1        i = 8;
  10   1        j = 1;
  11   1        k = 243;
  12   1        do
  13   1        {
  14   2          do
  15   2          {
  16   3            while (--k);
  17   3          } while (--j);
  18   2        } while (--i);
  19   1      }
  20          
  21          void Delay_us(uchar n)//Î¢Ãë¼¶ÑÓ³Ù
  22          {
  23   1          while(--n);
  24   1      }
  25          
  26          void Delay_ms(uint z)//ºÁÃë¼¶ÑÓ³Ù
  27          {
  28   1         uint i,j;
  29   1         for(i=z;i>0;i--)
  30   1            for(j=110;j>0;j--);
  31   1      }
  32          
  33          void Delay_beep(uint i)//beepÑÓÊ±º¯Êý
  34          {
  35   1        char j;
  36   1        for(i; i > 0; i--)
  37   1          for(j = 200; j > 0; j--);
  38   1      }


MODULE INFORMATION:   STATIC OVERLAYABLE
   CODE SIZE        =     77    ----
   CONSTANT SIZE    =   ----    ----
   XDATA SIZE       =   ----    ----
   PDATA SIZE       =   ----    ----
   DATA SIZE        =   ----    ----
   IDATA SIZE       =   ----    ----
   BIT SIZE         =   ----    ----
END OF MODULE INFORMATION.


C51 COMPILATION COMPLETE.  0 WARNING(S),  0 ERROR(S)
